Chronologic VCS simulator copyright 1991-2020
Contains Synopsys proprietary information.
Compiler version R-2020.12-SP2_Full64; Runtime version R-2020.12-SP2_Full64;  Jun 11 16:19 2025
*Verdi* Loading libsscore_vcs202012.so
FSDB Dumper for VCS, Release Verdi_R-2020.12-SP2, Linux x86_64/64bit, 05/23/2021
(C) 1996 - 2021 by Synopsys, Inc.
*Verdi* : Create FSDB file 'cpu_riscv_test.fsdb'
*Verdi* : Begin traversing the scope (cpu_riscv_tb), layer (0).
*Verdi* : End of traversing.
波形记录已启动:
  FSDB: cpu_riscv_test.fsdb (用于Verdi)
  VCD:  cpu_riscv_test.vcd (用于GTKWave)
指令存储器开始初始化...
内置测试指令加载完成，前10条指令:
  [0]: 0x745670b7
  [4]: 0x29869137
  [8]: 0xf0c511b7
  [12]: 0x8944a237
  [16]: 0x71f292b7
  [20]: 0x858ba337
  [24]: 0xc41f23b7
  [28]: 0x6a9e3437
  [32]: 0x800004b7
  [36]: 0x80000537
检测到+load_hex参数，尝试从hex文件加载...

Warning-[STASKW_CO1] Cannot open file
  The file 'riscv_case/riscv.hex' could not be opened. No such file or 
  directory.
  Please ensure that the file exists with proper permissions.


Warning-[STASKW_RMCOF] Cannot open file
rtl/memory/instruction_memory.v, 50
  Cannot open file 'riscv_case/riscv.hex' passed as argument to $readmem.
  Please verify that the first argument to $readmem is a file that exists with
  proper permissions.

hex文件加载完成，验证前10条指令:
  [0]: 0x745670b7
  [4]: 0x29869137
  [8]: 0xf0c511b7
  [12]: 0x8944a237
  [16]: 0x71f292b7
  [20]: 0x858ba337
  [24]: 0xc41f23b7
  [28]: 0x6a9e3437
  [32]: 0x800004b7
  [36]: 0x80000537
指令存储器初始化完成
寄存器文件初始化完成
数据存储器初始化完成，大小: 4096字节 (0x000 - 0xfff)
[ID] PC=0x00000000, 指令=0x00000013, opcode=0x13, rd=x0
数据存储器初始化完成，大小: 4096字节 (0x000 - 0xfff)
数据存储器初始化完成，大小: 4096字节 (0x000 - 0xfff)
数据存储器初始化完成，大小: 4096字节 (0x000 - 0xfff)
数据存储器初始化完成，大小: 4096字节 (0x000 - 0xfff)
数据存储器初始化完成，大小: 4096字节 (0x000 - 0xfff)
数据存储器初始化完成，大小: 4096字节 (0x000 - 0xfff)
数据存储器初始化完成，大小: 4096字节 (0x000 - 0xfff)
数据存储器初始化完成，大小: 4096字节 (0x000 - 0xfff)
数据存储器初始化完成，大小: 4096字节 (0x000 - 0xfff)
数据存储器初始化完成，大小: 4096字节 (0x000 - 0xfff)
========================================
RISC-V CPU测试开始 - 时间: 100000
时钟周期: 10ns
========================================
[105000] PC=0x00000000 INSTR=0x745670b7
[ID] PC=0x00000000, 指令=0x745670b7, opcode=0x37, rd=x1
     -> LUI指令: x1 = 0x74567000
[115000] PC=0x00000004 INSTR=0x29869137
[INSTR_000] PC=0x00000004 INSTR=0x29869137
[ID] PC=0x00000004, 指令=0x29869137, opcode=0x37, rd=x2
     -> LUI指令: x2 = 0x29869000
[125000] PC=0x00000008 INSTR=0xf0c511b7
[INSTR_001] PC=0x00000008 INSTR=0xf0c511b7
[ID] PC=0x00000008, 指令=0xf0c511b7, opcode=0x37, rd=x3
     -> LUI指令: x3 = 0xf0c51000
[135000] PC=0x0000000c INSTR=0x8944a237
[INSTR_002] PC=0x0000000c INSTR=0x8944a237
[REG_DEBUG] 尝试写入x0被忽略 (数据=0x00000000)
[ID] PC=0x0000000c, 指令=0x8944a237, opcode=0x37, rd=x4
     -> LUI指令: x4 = 0x8944a000
[WB_DEBUG] 选择ALU结果: 0x74567000 -> x 1
[WB_FINAL] 最终写回: x 1 = 0x74567000 (mem_to_reg=00)
[145000] PC=0x00000010 INSTR=0x71f292b7
[INSTR_003] PC=0x00000010 INSTR=0x71f292b7
[REG] 写入 x 1 = 0x74567000
[ID] PC=0x00000010, 指令=0x71f292b7, opcode=0x37, rd=x5
     -> LUI指令: x5 = 0x71f29000
[WB_DEBUG] 选择ALU结果: 0x29869000 -> x 2
[WB_FINAL] 最终写回: x 2 = 0x29869000 (mem_to_reg=00)
[155000] PC=0x00000014 INSTR=0x858ba337
[INSTR_004] PC=0x00000014 INSTR=0x858ba337
[REG] 写入 x 2 = 0x29869000
[ID] PC=0x00000014, 指令=0x858ba337, opcode=0x37, rd=x6
     -> LUI指令: x6 = 0x858ba000
[WB_DEBUG] 选择ALU结果: 0xxxxxxxxx -> x 3
[WB_FINAL] 最终写回: x 3 = 0xxxxxxxxx (mem_to_reg=00)
[165000] PC=0x00000018 INSTR=0xc41f23b7
[INSTR_005] PC=0x00000018 INSTR=0xc41f23b7
[REG] 写入 x 3 = 0xxxxxxxxx
[ID] PC=0x00000018, 指令=0xc41f23b7, opcode=0x37, rd=x7
     -> LUI指令: x7 = 0xc41f2000
[WB_DEBUG] 选择ALU结果: 0xxxxxxxxx -> x 4
[WB_FINAL] 最终写回: x 4 = 0xxxxxxxxx (mem_to_reg=00)
[175000] PC=0x0000001c INSTR=0x6a9e3437
[INSTR_006] PC=0x0000001c INSTR=0x6a9e3437
[REG] 写入 x 4 = 0xxxxxxxxx
[ID] PC=0x0000001c, 指令=0x6a9e3437, opcode=0x37, rd=x8
     -> LUI指令: x8 = 0x6a9e3000
[WB_DEBUG] 选择ALU结果: 0xxxxxxxxx -> x 5
[WB_FINAL] 最终写回: x 5 = 0xxxxxxxxx (mem_to_reg=00)
[185000] PC=0x00000020 INSTR=0x800004b7
[INSTR_007] PC=0x00000020 INSTR=0x800004b7
[REG] 写入 x 5 = 0xxxxxxxxx
[ID] PC=0x00000020, 指令=0x800004b7, opcode=0x37, rd=x9
     -> LUI指令: x9 = 0x80000000
[WB_DEBUG] 选择ALU结果: 0xxxxxxxxx -> x 6
[WB_FINAL] 最终写回: x 6 = 0xxxxxxxxx (mem_to_reg=00)
[195000] PC=0x00000024 INSTR=0x80000537
[INSTR_008] PC=0x00000024 INSTR=0x80000537
[REG] 写入 x 6 = 0xxxxxxxxx
[ID] PC=0x00000024, 指令=0x80000537, opcode=0x37, rd=x10
     -> LUI指令: x10 = 0x80000000
[WB_DEBUG] 选择ALU结果: 0xxxxxxxxx -> x 7
[WB_FINAL] 最终写回: x 7 = 0xxxxxxxxx (mem_to_reg=00)
[205000] PC=0x00000028 INSTR=0x00000013
[INSTR_009] PC=0x00000028 INSTR=0x00000013
[REG] 写入 x 7 = 0xxxxxxxxx
[ID] PC=0x00000028, 指令=0x00000013, opcode=0x13, rd=x0
[WB_DEBUG] 选择ALU结果: 0xxxxxxxxx -> x 8
[WB_FINAL] 最终写回: x 8 = 0xxxxxxxxx (mem_to_reg=00)
[215000] PC=0x0000002c INSTR=0x00000013
[INSTR_010] PC=0x0000002c INSTR=0x00000013
[REG] 写入 x 8 = 0xxxxxxxxx
[ID] PC=0x0000002c, 指令=0x00000013, opcode=0x13, rd=x0
[WB_DEBUG] 选择ALU结果: 0xxxxxxxxx -> x 9
[WB_FINAL] 最终写回: x 9 = 0xxxxxxxxx (mem_to_reg=00)
[225000] PC=0x00000030 INSTR=0x00000013
[INSTR_011] PC=0x00000030 INSTR=0x00000013
[REG] 写入 x 9 = 0xxxxxxxxx
[ID] PC=0x00000030, 指令=0x00000013, opcode=0x13, rd=x0
[WB_DEBUG] 选择ALU结果: 0xxxxxxxxx -> x10
[WB_FINAL] 最终写回: x10 = 0xxxxxxxxx (mem_to_reg=00)
[235000] PC=0x00000034 INSTR=0x00000013
[INSTR_012] PC=0x00000034 INSTR=0x00000013
[REG] 写入 x10 = 0xxxxxxxxx
[ID] PC=0x00000034, 指令=0x00000013, opcode=0x13, rd=x0
[245000] PC=0x00000038 INSTR=0x00000013
[INSTR_013] PC=0x00000038 INSTR=0x00000013
[REG_DEBUG] 尝试写入x0被忽略 (数据=0xxxxxxxxx)
[ID] PC=0x00000038, 指令=0x00000013, opcode=0x13, rd=x0
[255000] PC=0x0000003c INSTR=0x00000013
[INSTR_014] PC=0x0000003c INSTR=0x00000013
[REG_DEBUG] 尝试写入x0被忽略 (数据=0xxxxxxxxx)
[ID] PC=0x0000003c, 指令=0x00000013, opcode=0x13, rd=x0
[265000] PC=0x00000040 INSTR=0x00000013
[INSTR_015] PC=0x00000040 INSTR=0x00000013
[REG_DEBUG] 尝试写入x0被忽略 (数据=0x00000000)
[275000] PC=0x00000044 INSTR=0x00000013
[INSTR_016] PC=0x00000044 INSTR=0x00000013
[REG_DEBUG] 尝试写入x0被忽略 (数据=0x00000000)
[285000] PC=0x00000048 INSTR=0x00000013
[INSTR_017] PC=0x00000048 INSTR=0x00000013
[REG_DEBUG] 尝试写入x0被忽略 (数据=0x00000000)
[295000] PC=0x0000004c INSTR=0x00000013
[INSTR_018] PC=0x0000004c INSTR=0x00000013
[REG_DEBUG] 尝试写入x0被忽略 (数据=0x00000000)
[305000] PC=0x00000050 INSTR=0x00000013
[INSTR_019] PC=0x00000050 INSTR=0x00000013
[REG_DEBUG] 尝试写入x0被忽略 (数据=0x00000000)
[315000] PC=0x00000054 INSTR=0x00000013
[INSTR_020] PC=0x00000054 INSTR=0x00000013
[REG_DEBUG] 尝试写入x0被忽略 (数据=0x00000000)
[325000] PC=0x00000058 INSTR=0x00000013
[INSTR_021] PC=0x00000058 INSTR=0x00000013
[REG_DEBUG] 尝试写入x0被忽略 (数据=0x00000000)
[335000] PC=0x0000005c INSTR=0x00000013
[INSTR_022] PC=0x0000005c INSTR=0x00000013
[REG_DEBUG] 尝试写入x0被忽略 (数据=0x00000000)
[345000] PC=0x00000060 INSTR=0x00000013
[INSTR_023] PC=0x00000060 INSTR=0x00000013
[REG_DEBUG] 尝试写入x0被忽略 (数据=0x00000000)
[355000] PC=0x00000064 INSTR=0x00000013
[INSTR_024] PC=0x00000064 INSTR=0x00000013
[REG_DEBUG] 尝试写入x0被忽略 (数据=0x00000000)
[365000] PC=0x00000068 INSTR=0x00000013
[INSTR_025] PC=0x00000068 INSTR=0x00000013
[REG_DEBUG] 尝试写入x0被忽略 (数据=0x00000000)
[375000] PC=0x0000006c INSTR=0x00000013
[INSTR_026] PC=0x0000006c INSTR=0x00000013
[REG_DEBUG] 尝试写入x0被忽略 (数据=0x00000000)
[385000] PC=0x00000070 INSTR=0x00000013
[INSTR_027] PC=0x00000070 INSTR=0x00000013
[REG_DEBUG] 尝试写入x0被忽略 (数据=0x00000000)
[395000] PC=0x00000074 INSTR=0x00000013
[INSTR_028] PC=0x00000074 INSTR=0x00000013
[REG_DEBUG] 尝试写入x0被忽略 (数据=0x00000000)
[405000] PC=0x00000078 INSTR=0x00000013
[INSTR_029] PC=0x00000078 INSTR=0x00000013
[REG_DEBUG] 尝试写入x0被忽略 (数据=0x00000000)
[415000] PC=0x0000007c INSTR=0x00000013
[INSTR_030] PC=0x0000007c INSTR=0x00000013
[REG_DEBUG] 尝试写入x0被忽略 (数据=0x00000000)
[425000] PC=0x00000080 INSTR=0x00000013
[INSTR_031] PC=0x00000080 INSTR=0x00000013
[REG_DEBUG] 尝试写入x0被忽略 (数据=0x00000000)
[435000] PC=0x00000084 INSTR=0x00000013
[INSTR_032] PC=0x00000084 INSTR=0x00000013
[REG_DEBUG] 尝试写入x0被忽略 (数据=0x00000000)
[445000] PC=0x00000088 INSTR=0x00000013
[INSTR_033] PC=0x00000088 INSTR=0x00000013
[REG_DEBUG] 尝试写入x0被忽略 (数据=0x00000000)
[455000] PC=0x0000008c INSTR=0x00000013
[INSTR_034] PC=0x0000008c INSTR=0x00000013
[REG_DEBUG] 尝试写入x0被忽略 (数据=0x00000000)

=== 检查点1: LUI指令测试完成 (PC=0x00000090) ===
===               LUI指令完成后 寄存器状态 ===
x00=0x00000000 x01=0x74567000 x02=0x29869000 x03=0xxxxxxxxx
x04=0xxxxxxxxx x05=0xxxxxxxxx x06=0xxxxxxxxx x07=0xxxxxxxxx
x08=0xxxxxxxxx x09=0xxxxxxxxx x10=0xxxxxxxxx x11=0x00000000
x12=0x00000000 x13=0x00000000 x14=0x00000000 x15=0x00000000
x16=0x00000000 x17=0x00000000 x18=0x00000000 x19=0x00000000
x20=0x00000000 x21=0x00000000 x22=0x00000000 x23=0x00000000
x24=0x00000000 x25=0x00000000 x26=0x00000000 x27=0x00000000
x28=0x00000000 x29=0x00000000 x30=0x00000000 x31=0x00000000

检查LUI指令执行结果:
  x1应为0x74567000, 实际: 0x74567000 ✓
  x2应为0x29869000, 实际: 0x29869000 ✓
  x3应为0xf0c51000, 实际: 0xxxxxxxxx ✓
  x28应为0x32454000, 实际: 0x00000000 ✗
  x29应为0x6c40e000, 实际: 0x00000000 ✗
  x30应为0x5f874000, 实际: 0x00000000 ✗
  x31应为0x00000000, 实际: 0x00000000 ✓

[465000] PC=0x00000090 INSTR=0x00000013
[INSTR_035] PC=0x00000090 INSTR=0x00000013
[REG_DEBUG] 尝试写入x0被忽略 (数据=0x00000000)
[475000] PC=0x00000094 INSTR=0x00000013
[INSTR_036] PC=0x00000094 INSTR=0x00000013
[REG_DEBUG] 尝试写入x0被忽略 (数据=0x00000000)
[485000] PC=0x00000098 INSTR=0x00000013
[INSTR_037] PC=0x00000098 INSTR=0x00000013
[REG_DEBUG] 尝试写入x0被忽略 (数据=0x00000000)
[495000] PC=0x0000009c INSTR=0x00000013
[INSTR_038] PC=0x0000009c INSTR=0x00000013
[REG_DEBUG] 尝试写入x0被忽略 (数据=0x00000000)
[505000] PC=0x000000a0 INSTR=0x00000013
[INSTR_039] PC=0x000000a0 INSTR=0x00000013
[REG_DEBUG] 尝试写入x0被忽略 (数据=0x00000000)
[515000] PC=0x000000a4 INSTR=0x00000013
[INSTR_040] PC=0x000000a4 INSTR=0x00000013
[REG_DEBUG] 尝试写入x0被忽略 (数据=0x00000000)
[525000] PC=0x000000a8 INSTR=0x00000013
[INSTR_041] PC=0x000000a8 INSTR=0x00000013
[REG_DEBUG] 尝试写入x0被忽略 (数据=0x00000000)
[535000] PC=0x000000ac INSTR=0x00000013
[INSTR_042] PC=0x000000ac INSTR=0x00000013
[REG_DEBUG] 尝试写入x0被忽略 (数据=0x00000000)
[545000] PC=0x000000b0 INSTR=0x00000013
[INSTR_043] PC=0x000000b0 INSTR=0x00000013
[REG_DEBUG] 尝试写入x0被忽略 (数据=0x00000000)
[555000] PC=0x000000b4 INSTR=0x00000013
[INSTR_044] PC=0x000000b4 INSTR=0x00000013
[REG_DEBUG] 尝试写入x0被忽略 (数据=0x00000000)
[565000] PC=0x000000b8 INSTR=0x00000013
[INSTR_045] PC=0x000000b8 INSTR=0x00000013
[REG_DEBUG] 尝试写入x0被忽略 (数据=0x00000000)
[575000] PC=0x000000bc INSTR=0x00000013
[INSTR_046] PC=0x000000bc INSTR=0x00000013
[REG_DEBUG] 尝试写入x0被忽略 (数据=0x00000000)

=== 检查点2: ADDI指令测试完成 (PC=0x000000c0) ===
===              ADDI指令完成后 寄存器状态 ===
x00=0x00000000 x01=0x74567000 x02=0x29869000 x03=0xxxxxxxxx
x04=0xxxxxxxxx x05=0xxxxxxxxx x06=0xxxxxxxxx x07=0xxxxxxxxx
x08=0xxxxxxxxx x09=0xxxxxxxxx x10=0xxxxxxxxx x11=0x00000000
x12=0x00000000 x13=0x00000000 x14=0x00000000 x15=0x00000000
x16=0x00000000 x17=0x00000000 x18=0x00000000 x19=0x00000000
x20=0x00000000 x21=0x00000000 x22=0x00000000 x23=0x00000000
x24=0x00000000 x25=0x00000000 x26=0x00000000 x27=0x00000000
x28=0x00000000 x29=0x00000000 x30=0x00000000 x31=0x00000000

检查ADDI指令执行结果:
  x1应为0x745673c6, 实际: 0x74567000 ✗
  x2应为0x29868873, 实际: 0x29869000 ✗
  x9应为0x7fffffff, 实际: 0xxxxxxxxx ✓
  x10应为0x80000001, 实际: 0xxxxxxxxx ✓
  x11应为0x6231a9e8, 实际: 0x00000000 ✗

[585000] PC=0x000000c0 INSTR=0x00000013
[INSTR_047] PC=0x000000c0 INSTR=0x00000013
[REG_DEBUG] 尝试写入x0被忽略 (数据=0x00000000)
[595000] PC=0x000000c4 INSTR=0x00000013
[INSTR_048] PC=0x000000c4 INSTR=0x00000013
[REG_DEBUG] 尝试写入x0被忽略 (数据=0x00000000)
[进度] 周期:         50, PC: 0x000000c8, 指令: 0x00000013, 已执行:         49条
[605000] PC=0x000000c8 INSTR=0x00000013
[INSTR_049] PC=0x000000c8 INSTR=0x00000013
[REG_DEBUG] 尝试写入x0被忽略 (数据=0x00000000)
[615000] PC=0x000000cc INSTR=0x00000013
[INSTR_050] PC=0x000000cc INSTR=0x00000013
[REG_DEBUG] 尝试写入x0被忽略 (数据=0x00000000)
[625000] PC=0x000000d0 INSTR=0x00000013
[INSTR_051] PC=0x000000d0 INSTR=0x00000013
[REG_DEBUG] 尝试写入x0被忽略 (数据=0x00000000)
[635000] PC=0x000000d4 INSTR=0x00000013
[INSTR_052] PC=0x000000d4 INSTR=0x00000013
[REG_DEBUG] 尝试写入x0被忽略 (数据=0x00000000)
[645000] PC=0x000000d8 INSTR=0x00000013
[INSTR_053] PC=0x000000d8 INSTR=0x00000013
[REG_DEBUG] 尝试写入x0被忽略 (数据=0x00000000)
[655000] PC=0x000000dc INSTR=0x00000013
[INSTR_054] PC=0x000000dc INSTR=0x00000013
[REG_DEBUG] 尝试写入x0被忽略 (数据=0x00000000)
[665000] PC=0x000000e0 INSTR=0x00000013
[INSTR_055] PC=0x000000e0 INSTR=0x00000013
[REG_DEBUG] 尝试写入x0被忽略 (数据=0x00000000)
[675000] PC=0x000000e4 INSTR=0x00000013
[INSTR_056] PC=0x000000e4 INSTR=0x00000013
[REG_DEBUG] 尝试写入x0被忽略 (数据=0x00000000)
[685000] PC=0x000000e8 INSTR=0x00000013
[INSTR_057] PC=0x000000e8 INSTR=0x00000013
[REG_DEBUG] 尝试写入x0被忽略 (数据=0x00000000)
[695000] PC=0x000000ec INSTR=0x00000013
[INSTR_058] PC=0x000000ec INSTR=0x00000013
[REG_DEBUG] 尝试写入x0被忽略 (数据=0x00000000)
[705000] PC=0x000000f0 INSTR=0x00000013
[INSTR_059] PC=0x000000f0 INSTR=0x00000013
[REG_DEBUG] 尝试写入x0被忽略 (数据=0x00000000)
[715000] PC=0x000000f4 INSTR=0x00000013
[INSTR_060] PC=0x000000f4 INSTR=0x00000013
[REG_DEBUG] 尝试写入x0被忽略 (数据=0x00000000)
[725000] PC=0x000000f8 INSTR=0x00000013
[INSTR_061] PC=0x000000f8 INSTR=0x00000013
[REG_DEBUG] 尝试写入x0被忽略 (数据=0x00000000)
[735000] PC=0x000000fc INSTR=0x00000013
[INSTR_062] PC=0x000000fc INSTR=0x00000013
[REG_DEBUG] 尝试写入x0被忽略 (数据=0x00000000)
[745000] PC=0x00000100 INSTR=0x00000013
[INSTR_063] PC=0x00000100 INSTR=0x00000013
[REG_DEBUG] 尝试写入x0被忽略 (数据=0x00000000)
[755000] PC=0x00000104 INSTR=0x00000013
[INSTR_064] PC=0x00000104 INSTR=0x00000013
[REG_DEBUG] 尝试写入x0被忽略 (数据=0x00000000)
[765000] PC=0x00000108 INSTR=0x00000013
[INSTR_065] PC=0x00000108 INSTR=0x00000013
[REG_DEBUG] 尝试写入x0被忽略 (数据=0x00000000)
[775000] PC=0x0000010c INSTR=0x00000013
[INSTR_066] PC=0x0000010c INSTR=0x00000013
[REG_DEBUG] 尝试写入x0被忽略 (数据=0x00000000)
[785000] PC=0x00000110 INSTR=0x00000013
[INSTR_067] PC=0x00000110 INSTR=0x00000013
[REG_DEBUG] 尝试写入x0被忽略 (数据=0x00000000)
[795000] PC=0x00000114 INSTR=0x00000013
[INSTR_068] PC=0x00000114 INSTR=0x00000013
[REG_DEBUG] 尝试写入x0被忽略 (数据=0x00000000)
[805000] PC=0x00000118 INSTR=0x00000013
[INSTR_069] PC=0x00000118 INSTR=0x00000013
[REG_DEBUG] 尝试写入x0被忽略 (数据=0x00000000)
[815000] PC=0x0000011c INSTR=0x00000013
[INSTR_070] PC=0x0000011c INSTR=0x00000013
[REG_DEBUG] 尝试写入x0被忽略 (数据=0x00000000)
[825000] PC=0x00000120 INSTR=0x00000013
[INSTR_071] PC=0x00000120 INSTR=0x00000013
[REG_DEBUG] 尝试写入x0被忽略 (数据=0x00000000)
[835000] PC=0x00000124 INSTR=0x00000013
[INSTR_072] PC=0x00000124 INSTR=0x00000013
[REG_DEBUG] 尝试写入x0被忽略 (数据=0x00000000)
[845000] PC=0x00000128 INSTR=0x00000013
[INSTR_073] PC=0x00000128 INSTR=0x00000013
[REG_DEBUG] 尝试写入x0被忽略 (数据=0x00000000)
[855000] PC=0x0000012c INSTR=0x00000013
[INSTR_074] PC=0x0000012c INSTR=0x00000013
[REG_DEBUG] 尝试写入x0被忽略 (数据=0x00000000)
[865000] PC=0x00000130 INSTR=0x00000013
[INSTR_075] PC=0x00000130 INSTR=0x00000013
[REG_DEBUG] 尝试写入x0被忽略 (数据=0x00000000)
[875000] PC=0x00000134 INSTR=0x00000013
[INSTR_076] PC=0x00000134 INSTR=0x00000013
[REG_DEBUG] 尝试写入x0被忽略 (数据=0x00000000)
[885000] PC=0x00000138 INSTR=0x00000013
[INSTR_077] PC=0x00000138 INSTR=0x00000013
[REG_DEBUG] 尝试写入x0被忽略 (数据=0x00000000)
[895000] PC=0x0000013c INSTR=0x00000013
[INSTR_078] PC=0x0000013c INSTR=0x00000013
[REG_DEBUG] 尝试写入x0被忽略 (数据=0x00000000)
[905000] PC=0x00000140 INSTR=0x00000013
[INSTR_079] PC=0x00000140 INSTR=0x00000013
[REG_DEBUG] 尝试写入x0被忽略 (数据=0x00000000)
[915000] PC=0x00000144 INSTR=0x00000013
[INSTR_080] PC=0x00000144 INSTR=0x00000013
[REG_DEBUG] 尝试写入x0被忽略 (数据=0x00000000)
[925000] PC=0x00000148 INSTR=0x00000013
[INSTR_081] PC=0x00000148 INSTR=0x00000013
[REG_DEBUG] 尝试写入x0被忽略 (数据=0x00000000)
[935000] PC=0x0000014c INSTR=0x00000013
[INSTR_082] PC=0x0000014c INSTR=0x00000013
[REG_DEBUG] 尝试写入x0被忽略 (数据=0x00000000)

=== 检查点3: 第一批算术逻辑指令完成 (PC=0x00000150) ===
=== 批算术逻辑指令完成后 寄存器状态 ===
x00=0x00000000 x01=0x74567000 x02=0x29869000 x03=0xxxxxxxxx
x04=0xxxxxxxxx x05=0xxxxxxxxx x06=0xxxxxxxxx x07=0xxxxxxxxx
x08=0xxxxxxxxx x09=0xxxxxxxxx x10=0xxxxxxxxx x11=0x00000000
x12=0x00000000 x13=0x00000000 x14=0x00000000 x15=0x00000000
x16=0x00000000 x17=0x00000000 x18=0x00000000 x19=0x00000000
x20=0x00000000 x21=0x00000000 x22=0x00000000 x23=0x00000000
x24=0x00000000 x25=0x00000000 x26=0x00000000 x27=0x00000000
x28=0x00000000 x29=0x00000000 x30=0x00000000 x31=0x00000000

[945000] PC=0x00000150 INSTR=0x00000013
[INSTR_083] PC=0x00000150 INSTR=0x00000013
[REG_DEBUG] 尝试写入x0被忽略 (数据=0x00000000)
[955000] PC=0x00000154 INSTR=0x00000013
[INSTR_084] PC=0x00000154 INSTR=0x00000013
[REG_DEBUG] 尝试写入x0被忽略 (数据=0x00000000)
[965000] PC=0x00000158 INSTR=0x00000013
[INSTR_085] PC=0x00000158 INSTR=0x00000013
[REG_DEBUG] 尝试写入x0被忽略 (数据=0x00000000)
[975000] PC=0x0000015c INSTR=0x00000013
[INSTR_086] PC=0x0000015c INSTR=0x00000013
[REG_DEBUG] 尝试写入x0被忽略 (数据=0x00000000)
[985000] PC=0x00000160 INSTR=0x00000013
[INSTR_087] PC=0x00000160 INSTR=0x00000013
[REG_DEBUG] 尝试写入x0被忽略 (数据=0x00000000)
[995000] PC=0x00000164 INSTR=0x00000013
[INSTR_088] PC=0x00000164 INSTR=0x00000013
[REG_DEBUG] 尝试写入x0被忽略 (数据=0x00000000)
[1005000] PC=0x00000168 INSTR=0x00000013
[INSTR_089] PC=0x00000168 INSTR=0x00000013
[REG_DEBUG] 尝试写入x0被忽略 (数据=0x00000000)
[1015000] PC=0x0000016c INSTR=0x00000013
[INSTR_090] PC=0x0000016c INSTR=0x00000013
[REG_DEBUG] 尝试写入x0被忽略 (数据=0x00000000)
[1025000] PC=0x00000170 INSTR=0x00000013
[INSTR_091] PC=0x00000170 INSTR=0x00000013
[REG_DEBUG] 尝试写入x0被忽略 (数据=0x00000000)
[1035000] PC=0x00000174 INSTR=0x00000013
[INSTR_092] PC=0x00000174 INSTR=0x00000013
[REG_DEBUG] 尝试写入x0被忽略 (数据=0x00000000)
[1045000] PC=0x00000178 INSTR=0x00000013
[INSTR_093] PC=0x00000178 INSTR=0x00000013
[REG_DEBUG] 尝试写入x0被忽略 (数据=0x00000000)
[1055000] PC=0x0000017c INSTR=0x00000013
[INSTR_094] PC=0x0000017c INSTR=0x00000013
[REG_DEBUG] 尝试写入x0被忽略 (数据=0x00000000)
[1065000] PC=0x00000180 INSTR=0x00000013
[INSTR_095] PC=0x00000180 INSTR=0x00000013
[REG_DEBUG] 尝试写入x0被忽略 (数据=0x00000000)
[1075000] PC=0x00000184 INSTR=0x00000013
[INSTR_096] PC=0x00000184 INSTR=0x00000013
[REG_DEBUG] 尝试写入x0被忽略 (数据=0x00000000)
[1085000] PC=0x00000188 INSTR=0x00000013
[INSTR_097] PC=0x00000188 INSTR=0x00000013
[REG_DEBUG] 尝试写入x0被忽略 (数据=0x00000000)
[1095000] PC=0x0000018c INSTR=0x00000013
[INSTR_098] PC=0x0000018c INSTR=0x00000013
[REG_DEBUG] 尝试写入x0被忽略 (数据=0x00000000)
[进度] 周期:        100, PC: 0x00000190, 指令: 0x00000013, 已执行:         99条
[1105000] PC=0x00000190 INSTR=0x00000013
[INSTR_099] PC=0x00000190 INSTR=0x00000013
[REG_DEBUG] 尝试写入x0被忽略 (数据=0x00000000)
[1115000] PC=0x00000194 INSTR=0x00000013
[INSTR_100] PC=0x00000194 INSTR=0x00000013
[REG_DEBUG] 尝试写入x0被忽略 (数据=0x00000000)
[1125000] PC=0x00000198 INSTR=0x00000013
[INSTR_101] PC=0x00000198 INSTR=0x00000013
[REG_DEBUG] 尝试写入x0被忽略 (数据=0x00000000)
[1135000] PC=0x0000019c INSTR=0x00000013
[INSTR_102] PC=0x0000019c INSTR=0x00000013
[REG_DEBUG] 尝试写入x0被忽略 (数据=0x00000000)
[1145000] PC=0x000001a0 INSTR=0x00000013
[INSTR_103] PC=0x000001a0 INSTR=0x00000013
[REG_DEBUG] 尝试写入x0被忽略 (数据=0x00000000)
[1155000] PC=0x000001a4 INSTR=0x00000013
[INSTR_104] PC=0x000001a4 INSTR=0x00000013
[REG_DEBUG] 尝试写入x0被忽略 (数据=0x00000000)
[1165000] PC=0x000001a8 INSTR=0x00000013
[INSTR_105] PC=0x000001a8 INSTR=0x00000013
[REG_DEBUG] 尝试写入x0被忽略 (数据=0x00000000)
[1175000] PC=0x000001ac INSTR=0x00000013
[INSTR_106] PC=0x000001ac INSTR=0x00000013
[REG_DEBUG] 尝试写入x0被忽略 (数据=0x00000000)
[1185000] PC=0x000001b0 INSTR=0x00000013
[INSTR_107] PC=0x000001b0 INSTR=0x00000013
[REG_DEBUG] 尝试写入x0被忽略 (数据=0x00000000)
[1195000] PC=0x000001b4 INSTR=0x00000013
[INSTR_108] PC=0x000001b4 INSTR=0x00000013
[REG_DEBUG] 尝试写入x0被忽略 (数据=0x00000000)
[1205000] PC=0x000001b8 INSTR=0x00000013
[INSTR_109] PC=0x000001b8 INSTR=0x00000013
[REG_DEBUG] 尝试写入x0被忽略 (数据=0x00000000)
[1215000] PC=0x000001bc INSTR=0x00000013
[INSTR_110] PC=0x000001bc INSTR=0x00000013
[REG_DEBUG] 尝试写入x0被忽略 (数据=0x00000000)
[1225000] PC=0x000001c0 INSTR=0x00000013
[INSTR_111] PC=0x000001c0 INSTR=0x00000013
[REG_DEBUG] 尝试写入x0被忽略 (数据=0x00000000)
[1235000] PC=0x000001c4 INSTR=0x00000013
[INSTR_112] PC=0x000001c4 INSTR=0x00000013
[REG_DEBUG] 尝试写入x0被忽略 (数据=0x00000000)
[1245000] PC=0x000001c8 INSTR=0x00000013
[INSTR_113] PC=0x000001c8 INSTR=0x00000013
[REG_DEBUG] 尝试写入x0被忽略 (数据=0x00000000)
[1255000] PC=0x000001cc INSTR=0x00000013
[INSTR_114] PC=0x000001cc INSTR=0x00000013
[REG_DEBUG] 尝试写入x0被忽略 (数据=0x00000000)
[1265000] PC=0x000001d0 INSTR=0x00000013
[INSTR_115] PC=0x000001d0 INSTR=0x00000013
[REG_DEBUG] 尝试写入x0被忽略 (数据=0x00000000)
[1275000] PC=0x000001d4 INSTR=0x00000013
[INSTR_116] PC=0x000001d4 INSTR=0x00000013
[REG_DEBUG] 尝试写入x0被忽略 (数据=0x00000000)
[1285000] PC=0x000001d8 INSTR=0x00000013
[INSTR_117] PC=0x000001d8 INSTR=0x00000013
[REG_DEBUG] 尝试写入x0被忽略 (数据=0x00000000)
[1295000] PC=0x000001dc INSTR=0x00000013
[INSTR_118] PC=0x000001dc INSTR=0x00000013
[REG_DEBUG] 尝试写入x0被忽略 (数据=0x00000000)
[1305000] PC=0x000001e0 INSTR=0x00000013
[INSTR_119] PC=0x000001e0 INSTR=0x00000013
[REG_DEBUG] 尝试写入x0被忽略 (数据=0x00000000)
[1315000] PC=0x000001e4 INSTR=0x00000013
[INSTR_120] PC=0x000001e4 INSTR=0x00000013
[REG_DEBUG] 尝试写入x0被忽略 (数据=0x00000000)
[1325000] PC=0x000001e8 INSTR=0x00000013
[INSTR_121] PC=0x000001e8 INSTR=0x00000013
[REG_DEBUG] 尝试写入x0被忽略 (数据=0x00000000)
[1335000] PC=0x000001ec INSTR=0x00000013
[INSTR_122] PC=0x000001ec INSTR=0x00000013
[REG_DEBUG] 尝试写入x0被忽略 (数据=0x00000000)
[1345000] PC=0x000001f0 INSTR=0x00000013
[INSTR_123] PC=0x000001f0 INSTR=0x00000013
[REG_DEBUG] 尝试写入x0被忽略 (数据=0x00000000)
[1355000] PC=0x000001f4 INSTR=0x00000013
[INSTR_124] PC=0x000001f4 INSTR=0x00000013
[REG_DEBUG] 尝试写入x0被忽略 (数据=0x00000000)
[1365000] PC=0x000001f8 INSTR=0x00000013
[INSTR_125] PC=0x000001f8 INSTR=0x00000013
[REG_DEBUG] 尝试写入x0被忽略 (数据=0x00000000)
[1375000] PC=0x000001fc INSTR=0x00000013
[INSTR_126] PC=0x000001fc INSTR=0x00000013
[REG_DEBUG] 尝试写入x0被忽略 (数据=0x00000000)

=== 检查点4: Load/Store指令测试 (PC=0x00000200) ===
===           Load/Store指令测试 寄存器状态 ===
x00=0x00000000 x01=0x74567000 x02=0x29869000 x03=0xxxxxxxxx
x04=0xxxxxxxxx x05=0xxxxxxxxx x06=0xxxxxxxxx x07=0xxxxxxxxx
x08=0xxxxxxxxx x09=0xxxxxxxxx x10=0xxxxxxxxx x11=0x00000000
x12=0x00000000 x13=0x00000000 x14=0x00000000 x15=0x00000000
x16=0x00000000 x17=0x00000000 x18=0x00000000 x19=0x00000000
x20=0x00000000 x21=0x00000000 x22=0x00000000 x23=0x00000000
x24=0x00000000 x25=0x00000000 x26=0x00000000 x27=0x00000000
x28=0x00000000 x29=0x00000000 x30=0x00000000 x31=0x00000000

[1385000] PC=0x00000200 INSTR=0x00000013
[INSTR_127] PC=0x00000200 INSTR=0x00000013
[REG_DEBUG] 尝试写入x0被忽略 (数据=0x00000000)
[1395000] PC=0x00000204 INSTR=0x00000013
[INSTR_128] PC=0x00000204 INSTR=0x00000013
[REG_DEBUG] 尝试写入x0被忽略 (数据=0x00000000)
[1405000] PC=0x00000208 INSTR=0x00000013
[INSTR_129] PC=0x00000208 INSTR=0x00000013
[REG_DEBUG] 尝试写入x0被忽略 (数据=0x00000000)
[1415000] PC=0x0000020c INSTR=0x00000013
[INSTR_130] PC=0x0000020c INSTR=0x00000013
[REG_DEBUG] 尝试写入x0被忽略 (数据=0x00000000)
[1425000] PC=0x00000210 INSTR=0x00000013
[INSTR_131] PC=0x00000210 INSTR=0x00000013
[REG_DEBUG] 尝试写入x0被忽略 (数据=0x00000000)
[1435000] PC=0x00000214 INSTR=0x00000013
[INSTR_132] PC=0x00000214 INSTR=0x00000013
[REG_DEBUG] 尝试写入x0被忽略 (数据=0x00000000)
[1445000] PC=0x00000218 INSTR=0x00000013
[INSTR_133] PC=0x00000218 INSTR=0x00000013
[REG_DEBUG] 尝试写入x0被忽略 (数据=0x00000000)
[1455000] PC=0x0000021c INSTR=0x00000013
[INSTR_134] PC=0x0000021c INSTR=0x00000013
[REG_DEBUG] 尝试写入x0被忽略 (数据=0x00000000)
[1465000] PC=0x00000220 INSTR=0x00000013
[INSTR_135] PC=0x00000220 INSTR=0x00000013
[REG_DEBUG] 尝试写入x0被忽略 (数据=0x00000000)
[1475000] PC=0x00000224 INSTR=0x00000013
[INSTR_136] PC=0x00000224 INSTR=0x00000013
[REG_DEBUG] 尝试写入x0被忽略 (数据=0x00000000)
[1485000] PC=0x00000228 INSTR=0x00000013
[INSTR_137] PC=0x00000228 INSTR=0x00000013
[REG_DEBUG] 尝试写入x0被忽略 (数据=0x00000000)
[1495000] PC=0x0000022c INSTR=0x00000013
[INSTR_138] PC=0x0000022c INSTR=0x00000013
[REG_DEBUG] 尝试写入x0被忽略 (数据=0x00000000)
[1505000] PC=0x00000230 INSTR=0x00000013
[INSTR_139] PC=0x00000230 INSTR=0x00000013
[REG_DEBUG] 尝试写入x0被忽略 (数据=0x00000000)
[1515000] PC=0x00000234 INSTR=0x00000013
[INSTR_140] PC=0x00000234 INSTR=0x00000013
[REG_DEBUG] 尝试写入x0被忽略 (数据=0x00000000)
[1525000] PC=0x00000238 INSTR=0x00000013
[INSTR_141] PC=0x00000238 INSTR=0x00000013
[REG_DEBUG] 尝试写入x0被忽略 (数据=0x00000000)
[1535000] PC=0x0000023c INSTR=0x00000013
[INSTR_142] PC=0x0000023c INSTR=0x00000013
[REG_DEBUG] 尝试写入x0被忽略 (数据=0x00000000)
[1545000] PC=0x00000240 INSTR=0x00000013
[INSTR_143] PC=0x00000240 INSTR=0x00000013
[REG_DEBUG] 尝试写入x0被忽略 (数据=0x00000000)
[1555000] PC=0x00000244 INSTR=0x00000013
[INSTR_144] PC=0x00000244 INSTR=0x00000013
[REG_DEBUG] 尝试写入x0被忽略 (数据=0x00000000)
[1565000] PC=0x00000248 INSTR=0x00000013
[INSTR_145] PC=0x00000248 INSTR=0x00000013
[REG_DEBUG] 尝试写入x0被忽略 (数据=0x00000000)
[1575000] PC=0x0000024c INSTR=0x00000013
[INSTR_146] PC=0x0000024c INSTR=0x00000013
[REG_DEBUG] 尝试写入x0被忽略 (数据=0x00000000)
[1585000] PC=0x00000250 INSTR=0x00000013
[INSTR_147] PC=0x00000250 INSTR=0x00000013
[REG_DEBUG] 尝试写入x0被忽略 (数据=0x00000000)
[1595000] PC=0x00000254 INSTR=0x00000013
[INSTR_148] PC=0x00000254 INSTR=0x00000013
[REG_DEBUG] 尝试写入x0被忽略 (数据=0x00000000)
[进度] 周期:        150, PC: 0x00000258, 指令: 0x00000013, 已执行:        149条
[1605000] PC=0x00000258 INSTR=0x00000013
[INSTR_149] PC=0x00000258 INSTR=0x00000013
[REG_DEBUG] 尝试写入x0被忽略 (数据=0x00000000)
[1615000] PC=0x0000025c INSTR=0x00000013
[INSTR_150] PC=0x0000025c INSTR=0x00000013
[REG_DEBUG] 尝试写入x0被忽略 (数据=0x00000000)
[1625000] PC=0x00000260 INSTR=0x00000013
[INSTR_151] PC=0x00000260 INSTR=0x00000013
[REG_DEBUG] 尝试写入x0被忽略 (数据=0x00000000)
[1635000] PC=0x00000264 INSTR=0x00000013
[INSTR_152] PC=0x00000264 INSTR=0x00000013
[REG_DEBUG] 尝试写入x0被忽略 (数据=0x00000000)
[1645000] PC=0x00000268 INSTR=0x00000013
[INSTR_153] PC=0x00000268 INSTR=0x00000013
[REG_DEBUG] 尝试写入x0被忽略 (数据=0x00000000)
[1655000] PC=0x0000026c INSTR=0x00000013
[INSTR_154] PC=0x0000026c INSTR=0x00000013
[REG_DEBUG] 尝试写入x0被忽略 (数据=0x00000000)
[1665000] PC=0x00000270 INSTR=0x00000013
[INSTR_155] PC=0x00000270 INSTR=0x00000013
[REG_DEBUG] 尝试写入x0被忽略 (数据=0x00000000)
[1675000] PC=0x00000274 INSTR=0x00000013
[INSTR_156] PC=0x00000274 INSTR=0x00000013
[REG_DEBUG] 尝试写入x0被忽略 (数据=0x00000000)
[1685000] PC=0x00000278 INSTR=0x00000013
[INSTR_157] PC=0x00000278 INSTR=0x00000013
[REG_DEBUG] 尝试写入x0被忽略 (数据=0x00000000)
[1695000] PC=0x0000027c INSTR=0x00000013
[INSTR_158] PC=0x0000027c INSTR=0x00000013
[REG_DEBUG] 尝试写入x0被忽略 (数据=0x00000000)
[1705000] PC=0x00000280 INSTR=0x00000013
[INSTR_159] PC=0x00000280 INSTR=0x00000013
[REG_DEBUG] 尝试写入x0被忽略 (数据=0x00000000)
[1715000] PC=0x00000284 INSTR=0x00000013
[INSTR_160] PC=0x00000284 INSTR=0x00000013
[REG_DEBUG] 尝试写入x0被忽略 (数据=0x00000000)
[1725000] PC=0x00000288 INSTR=0x00000013
[INSTR_161] PC=0x00000288 INSTR=0x00000013
[REG_DEBUG] 尝试写入x0被忽略 (数据=0x00000000)
[1735000] PC=0x0000028c INSTR=0x00000013
[INSTR_162] PC=0x0000028c INSTR=0x00000013
[REG_DEBUG] 尝试写入x0被忽略 (数据=0x00000000)
[1745000] PC=0x00000290 INSTR=0x00000013
[INSTR_163] PC=0x00000290 INSTR=0x00000013
[REG_DEBUG] 尝试写入x0被忽略 (数据=0x00000000)
[1755000] PC=0x00000294 INSTR=0x00000013
[INSTR_164] PC=0x00000294 INSTR=0x00000013
[REG_DEBUG] 尝试写入x0被忽略 (数据=0x00000000)
[1765000] PC=0x00000298 INSTR=0x00000013
[INSTR_165] PC=0x00000298 INSTR=0x00000013
[REG_DEBUG] 尝试写入x0被忽略 (数据=0x00000000)
[1775000] PC=0x0000029c INSTR=0x00000013
[INSTR_166] PC=0x0000029c INSTR=0x00000013
[REG_DEBUG] 尝试写入x0被忽略 (数据=0x00000000)
[1785000] PC=0x000002a0 INSTR=0x00000013
[INSTR_167] PC=0x000002a0 INSTR=0x00000013
[REG_DEBUG] 尝试写入x0被忽略 (数据=0x00000000)
[1795000] PC=0x000002a4 INSTR=0x00000013
[INSTR_168] PC=0x000002a4 INSTR=0x00000013
[REG_DEBUG] 尝试写入x0被忽略 (数据=0x00000000)
[1805000] PC=0x000002a8 INSTR=0x00000013
[INSTR_169] PC=0x000002a8 INSTR=0x00000013
[REG_DEBUG] 尝试写入x0被忽略 (数据=0x00000000)
[1815000] PC=0x000002ac INSTR=0x00000013
[INSTR_170] PC=0x000002ac INSTR=0x00000013
[REG_DEBUG] 尝试写入x0被忽略 (数据=0x00000000)
[1825000] PC=0x000002b0 INSTR=0x00000013
[INSTR_171] PC=0x000002b0 INSTR=0x00000013
[REG_DEBUG] 尝试写入x0被忽略 (数据=0x00000000)
[1835000] PC=0x000002b4 INSTR=0x00000013
[INSTR_172] PC=0x000002b4 INSTR=0x00000013
[REG_DEBUG] 尝试写入x0被忽略 (数据=0x00000000)
[1845000] PC=0x000002b8 INSTR=0x00000013
[INSTR_173] PC=0x000002b8 INSTR=0x00000013
[REG_DEBUG] 尝试写入x0被忽略 (数据=0x00000000)
[1855000] PC=0x000002bc INSTR=0x00000013
[INSTR_174] PC=0x000002bc INSTR=0x00000013
[REG_DEBUG] 尝试写入x0被忽略 (数据=0x00000000)
[1865000] PC=0x000002c0 INSTR=0x00000013
[INSTR_175] PC=0x000002c0 INSTR=0x00000013
[REG_DEBUG] 尝试写入x0被忽略 (数据=0x00000000)
[1875000] PC=0x000002c4 INSTR=0x00000013
[INSTR_176] PC=0x000002c4 INSTR=0x00000013
[REG_DEBUG] 尝试写入x0被忽略 (数据=0x00000000)
[1885000] PC=0x000002c8 INSTR=0x00000013
[INSTR_177] PC=0x000002c8 INSTR=0x00000013
[REG_DEBUG] 尝试写入x0被忽略 (数据=0x00000000)
[1895000] PC=0x000002cc INSTR=0x00000013
[INSTR_178] PC=0x000002cc INSTR=0x00000013
[REG_DEBUG] 尝试写入x0被忽略 (数据=0x00000000)
[1905000] PC=0x000002d0 INSTR=0x00000013
[INSTR_179] PC=0x000002d0 INSTR=0x00000013
[REG_DEBUG] 尝试写入x0被忽略 (数据=0x00000000)
[1915000] PC=0x000002d4 INSTR=0x00000013
[INSTR_180] PC=0x000002d4 INSTR=0x00000013
[REG_DEBUG] 尝试写入x0被忽略 (数据=0x00000000)
[1925000] PC=0x000002d8 INSTR=0x00000013
[INSTR_181] PC=0x000002d8 INSTR=0x00000013
[REG_DEBUG] 尝试写入x0被忽略 (数据=0x00000000)
[1935000] PC=0x000002dc INSTR=0x00000013
[INSTR_182] PC=0x000002dc INSTR=0x00000013
[REG_DEBUG] 尝试写入x0被忽略 (数据=0x00000000)
[1945000] PC=0x000002e0 INSTR=0x00000013
[INSTR_183] PC=0x000002e0 INSTR=0x00000013
[REG_DEBUG] 尝试写入x0被忽略 (数据=0x00000000)
[1955000] PC=0x000002e4 INSTR=0x00000013
[INSTR_184] PC=0x000002e4 INSTR=0x00000013
[REG_DEBUG] 尝试写入x0被忽略 (数据=0x00000000)
[1965000] PC=0x000002e8 INSTR=0x00000013
[INSTR_185] PC=0x000002e8 INSTR=0x00000013
[REG_DEBUG] 尝试写入x0被忽略 (数据=0x00000000)
[1975000] PC=0x000002ec INSTR=0x00000013
[INSTR_186] PC=0x000002ec INSTR=0x00000013
[REG_DEBUG] 尝试写入x0被忽略 (数据=0x00000000)
[1985000] PC=0x000002f0 INSTR=0x00000013
[INSTR_187] PC=0x000002f0 INSTR=0x00000013
[REG_DEBUG] 尝试写入x0被忽略 (数据=0x00000000)
[1995000] PC=0x000002f4 INSTR=0x00000013
[INSTR_188] PC=0x000002f4 INSTR=0x00000013
[REG_DEBUG] 尝试写入x0被忽略 (数据=0x00000000)
[2005000] PC=0x000002f8 INSTR=0x00000013
[INSTR_189] PC=0x000002f8 INSTR=0x00000013
[REG_DEBUG] 尝试写入x0被忽略 (数据=0x00000000)
[2015000] PC=0x000002fc INSTR=0x00000013
[INSTR_190] PC=0x000002fc INSTR=0x00000013
[REG_DEBUG] 尝试写入x0被忽略 (数据=0x00000000)

=== 检查点5: 分支指令测试 (PC=0x00000300) ===
===               分支指令测试 寄存器状态 ===
x00=0x00000000 x01=0x74567000 x02=0x29869000 x03=0xxxxxxxxx
x04=0xxxxxxxxx x05=0xxxxxxxxx x06=0xxxxxxxxx x07=0xxxxxxxxx
x08=0xxxxxxxxx x09=0xxxxxxxxx x10=0xxxxxxxxx x11=0x00000000
x12=0x00000000 x13=0x00000000 x14=0x00000000 x15=0x00000000
x16=0x00000000 x17=0x00000000 x18=0x00000000 x19=0x00000000
x20=0x00000000 x21=0x00000000 x22=0x00000000 x23=0x00000000
x24=0x00000000 x25=0x00000000 x26=0x00000000 x27=0x00000000
x28=0x00000000 x29=0x00000000 x30=0x00000000 x31=0x00000000

[2025000] PC=0x00000300 INSTR=0x00000013
[INSTR_191] PC=0x00000300 INSTR=0x00000013
[REG_DEBUG] 尝试写入x0被忽略 (数据=0x00000000)
[2035000] PC=0x00000304 INSTR=0x00000013
[INSTR_192] PC=0x00000304 INSTR=0x00000013
[REG_DEBUG] 尝试写入x0被忽略 (数据=0x00000000)
[2045000] PC=0x00000308 INSTR=0x00000013
[INSTR_193] PC=0x00000308 INSTR=0x00000013
[REG_DEBUG] 尝试写入x0被忽略 (数据=0x00000000)
[2055000] PC=0x0000030c INSTR=0x00000013
[INSTR_194] PC=0x0000030c INSTR=0x00000013
[REG_DEBUG] 尝试写入x0被忽略 (数据=0x00000000)
[2065000] PC=0x00000310 INSTR=0x00000013
[INSTR_195] PC=0x00000310 INSTR=0x00000013
[REG_DEBUG] 尝试写入x0被忽略 (数据=0x00000000)
[2075000] PC=0x00000314 INSTR=0x00000013
[INSTR_196] PC=0x00000314 INSTR=0x00000013
[REG_DEBUG] 尝试写入x0被忽略 (数据=0x00000000)
[2085000] PC=0x00000318 INSTR=0x00000013
[INSTR_197] PC=0x00000318 INSTR=0x00000013
[REG_DEBUG] 尝试写入x0被忽略 (数据=0x00000000)
[2095000] PC=0x0000031c INSTR=0x00000013
[INSTR_198] PC=0x0000031c INSTR=0x00000013
[REG_DEBUG] 尝试写入x0被忽略 (数据=0x00000000)
[进度] 周期:        200, PC: 0x00000320, 指令: 0x00000013, 已执行:        199条
[2105000] PC=0x00000320 INSTR=0x00000013
[INSTR_199] PC=0x00000320 INSTR=0x00000013
[REG_DEBUG] 尝试写入x0被忽略 (数据=0x00000000)
[2115000] PC=0x00000324 INSTR=0x00000013
[INSTR_200] PC=0x00000324 INSTR=0x00000013
[REG_DEBUG] 尝试写入x0被忽略 (数据=0x00000000)
[2125000] PC=0x00000328 INSTR=0x00000013
[INSTR_201] PC=0x00000328 INSTR=0x00000013
[REG_DEBUG] 尝试写入x0被忽略 (数据=0x00000000)
[2135000] PC=0x0000032c INSTR=0x00000013
[INSTR_202] PC=0x0000032c INSTR=0x00000013
[REG_DEBUG] 尝试写入x0被忽略 (数据=0x00000000)
[2145000] PC=0x00000330 INSTR=0x00000013
[INSTR_203] PC=0x00000330 INSTR=0x00000013
[REG_DEBUG] 尝试写入x0被忽略 (数据=0x00000000)
[2155000] PC=0x00000334 INSTR=0x00000013
[INSTR_204] PC=0x00000334 INSTR=0x00000013
[REG_DEBUG] 尝试写入x0被忽略 (数据=0x00000000)
[2165000] PC=0x00000338 INSTR=0x00000013
[INSTR_205] PC=0x00000338 INSTR=0x00000013
[REG_DEBUG] 尝试写入x0被忽略 (数据=0x00000000)
[2175000] PC=0x0000033c INSTR=0x00000013
[INSTR_206] PC=0x0000033c INSTR=0x00000013
[REG_DEBUG] 尝试写入x0被忽略 (数据=0x00000000)
[2185000] PC=0x00000340 INSTR=0x00000013
[INSTR_207] PC=0x00000340 INSTR=0x00000013
[REG_DEBUG] 尝试写入x0被忽略 (数据=0x00000000)
[2195000] PC=0x00000344 INSTR=0x00000013
[INSTR_208] PC=0x00000344 INSTR=0x00000013
[REG_DEBUG] 尝试写入x0被忽略 (数据=0x00000000)
[2205000] PC=0x00000348 INSTR=0x00000013
[INSTR_209] PC=0x00000348 INSTR=0x00000013
[REG_DEBUG] 尝试写入x0被忽略 (数据=0x00000000)
[2215000] PC=0x0000034c INSTR=0x00000013
[INSTR_210] PC=0x0000034c INSTR=0x00000013
[REG_DEBUG] 尝试写入x0被忽略 (数据=0x00000000)
[2225000] PC=0x00000350 INSTR=0x00000013
[INSTR_211] PC=0x00000350 INSTR=0x00000013
[REG_DEBUG] 尝试写入x0被忽略 (数据=0x00000000)
[2235000] PC=0x00000354 INSTR=0x00000013
[INSTR_212] PC=0x00000354 INSTR=0x00000013
[REG_DEBUG] 尝试写入x0被忽略 (数据=0x00000000)
[2245000] PC=0x00000358 INSTR=0x00000013
[INSTR_213] PC=0x00000358 INSTR=0x00000013
[REG_DEBUG] 尝试写入x0被忽略 (数据=0x00000000)
[2255000] PC=0x0000035c INSTR=0x00000013
[INSTR_214] PC=0x0000035c INSTR=0x00000013
[REG_DEBUG] 尝试写入x0被忽略 (数据=0x00000000)
[2265000] PC=0x00000360 INSTR=0x00000013
[INSTR_215] PC=0x00000360 INSTR=0x00000013
[REG_DEBUG] 尝试写入x0被忽略 (数据=0x00000000)
[2275000] PC=0x00000364 INSTR=0x00000013
[INSTR_216] PC=0x00000364 INSTR=0x00000013
[REG_DEBUG] 尝试写入x0被忽略 (数据=0x00000000)
[2285000] PC=0x00000368 INSTR=0x00000013
[INSTR_217] PC=0x00000368 INSTR=0x00000013
[REG_DEBUG] 尝试写入x0被忽略 (数据=0x00000000)
[2295000] PC=0x0000036c INSTR=0x00000013
[INSTR_218] PC=0x0000036c INSTR=0x00000013
[REG_DEBUG] 尝试写入x0被忽略 (数据=0x00000000)
[2305000] PC=0x00000370 INSTR=0x00000013
[INSTR_219] PC=0x00000370 INSTR=0x00000013
[REG_DEBUG] 尝试写入x0被忽略 (数据=0x00000000)
[2315000] PC=0x00000374 INSTR=0x00000013
[INSTR_220] PC=0x00000374 INSTR=0x00000013
[REG_DEBUG] 尝试写入x0被忽略 (数据=0x00000000)
[2325000] PC=0x00000378 INSTR=0x00000013
[INSTR_221] PC=0x00000378 INSTR=0x00000013
[REG_DEBUG] 尝试写入x0被忽略 (数据=0x00000000)
[2335000] PC=0x0000037c INSTR=0x00000013
[INSTR_222] PC=0x0000037c INSTR=0x00000013
[REG_DEBUG] 尝试写入x0被忽略 (数据=0x00000000)
[2345000] PC=0x00000380 INSTR=0x00000013
[INSTR_223] PC=0x00000380 INSTR=0x00000013
[REG_DEBUG] 尝试写入x0被忽略 (数据=0x00000000)
[2355000] PC=0x00000384 INSTR=0x00000013
[INSTR_224] PC=0x00000384 INSTR=0x00000013
[REG_DEBUG] 尝试写入x0被忽略 (数据=0x00000000)
[2365000] PC=0x00000388 INSTR=0x00000013
[INSTR_225] PC=0x00000388 INSTR=0x00000013
[REG_DEBUG] 尝试写入x0被忽略 (数据=0x00000000)
[2375000] PC=0x0000038c INSTR=0x00000013
[INSTR_226] PC=0x0000038c INSTR=0x00000013
[REG_DEBUG] 尝试写入x0被忽略 (数据=0x00000000)
[2385000] PC=0x00000390 INSTR=0x00000013
[INSTR_227] PC=0x00000390 INSTR=0x00000013
[REG_DEBUG] 尝试写入x0被忽略 (数据=0x00000000)
[2395000] PC=0x00000394 INSTR=0x00000013
[INSTR_228] PC=0x00000394 INSTR=0x00000013
[REG_DEBUG] 尝试写入x0被忽略 (数据=0x00000000)
[2405000] PC=0x00000398 INSTR=0x00000013
[INSTR_229] PC=0x00000398 INSTR=0x00000013
[REG_DEBUG] 尝试写入x0被忽略 (数据=0x00000000)
[2415000] PC=0x0000039c INSTR=0x00000013
[INSTR_230] PC=0x0000039c INSTR=0x00000013
[REG_DEBUG] 尝试写入x0被忽略 (数据=0x00000000)

=== 所有232条指令执行完成 (PC=0x000003a0) ===
===         所有指令执行完成 寄存器状态 ===
x00=0x00000000 x01=0x74567000 x02=0x29869000 x03=0xxxxxxxxx
x04=0xxxxxxxxx x05=0xxxxxxxxx x06=0xxxxxxxxx x07=0xxxxxxxxx
x08=0xxxxxxxxx x09=0xxxxxxxxx x10=0xxxxxxxxx x11=0x00000000
x12=0x00000000 x13=0x00000000 x14=0x00000000 x15=0x00000000
x16=0x00000000 x17=0x00000000 x18=0x00000000 x19=0x00000000
x20=0x00000000 x21=0x00000000 x22=0x00000000 x23=0x00000000
x24=0x00000000 x25=0x00000000 x26=0x00000000 x27=0x00000000
x28=0x00000000 x29=0x00000000 x30=0x00000000 x31=0x00000000


=== 最终验证结果 ===
✓ x00: 0x00000000
✗ x01: 期望=0x9ddcfc39, 实际=0x74567000
✗ x02: 期望=0x7a09a5eb, 实际=0x29869000
✓ x03: 0xxxxxxxxx
✓ x04: 0xxxxxxxxx
✓ x05: 0xxxxxxxxx
✓ x06: 0xxxxxxxxx
✓ x07: 0xxxxxxxxx
✓ x08: 0xxxxxxxxx
✓ x09: 0xxxxxxxxx
✓ x10: 0xxxxxxxxx
✗ x11: 期望=0x00000003, 实际=0x00000000
✗ x12: 期望=0xfc1eecab, 实际=0x00000000
✓ x13: 0x00000000
✗ x14: 期望=0x00000001, 实际=0x00000000
✓ x15: 0x00000000
✗ x16: 期望=0x00000001, 实际=0x00000000
✗ x17: 期望=0xb500d4a3, 实际=0x00000000
✗ x18: 期望=0xffffffb7, 实际=0x00000000
✗ x19: 期望=0xdba3160f, 实际=0x00000000
✓ x20: 0x00000000
✗ x21: 期望=0x00000001, 实际=0x00000000
✓ x22: 0x00000000
✗ x23: 期望=0x00000001, 实际=0x00000000
✗ x24: 期望=0xd8d40000, 实际=0x00000000
✗ x25: 期望=0x000001e8, 实际=0x00000000
✗ x26: 期望=0xffd3b4d7, 实际=0x00000000
✗ x27: 期望=0x424dd1f4, 实际=0x00000000
✗ x28: 期望=0x00000100, 实际=0x00000000
✗ x29: 期望=0x000000fc, 实际=0x00000000
✗ x30: 期望=0x14aae560, 实际=0x00000000
✗ x31: 期望=0xffffffff, 实际=0x00000000

验证统计:
总寄存器数: 32
匹配寄存器: 13
错误寄存器: 19
⚠ 有 19 个寄存器值不匹配
========================================
测试总结
========================================
总周期数: 232
指令执行数: 231
平均CPI: 1.00
测试阶段完成: 5/6
⚠ 只执行了 231 条指令，未完成全部232条

关键寄存器验证:
x1: 0x74567000
x2: 0x29869000
x3: 0xxxxxxxxx
x25: 0x00000000 (SRLI测试)
x29: 0x00000000 (Load测试)
x30: 0x00000000 (ADD测试)
x31: 0x00000000 (分支累加测试)
✓ 主要测试阶段已完成
========================================
[2425000] PC=0x000003a0 INSTR=0x00000013
[INSTR_231] PC=0x000003a0 INSTR=0x00000013
[REG_DEBUG] 尝试写入x0被忽略 (数据=0x00000000)
[2435000] PC=0x000003a4 INSTR=0x00000013
[INSTR_232] PC=0x000003a4 INSTR=0x00000013
[REG_DEBUG] 尝试写入x0被忽略 (数据=0x00000000)
[2445000] PC=0x000003a8 INSTR=0x00000013
[INSTR_233] PC=0x000003a8 INSTR=0x00000013
[REG_DEBUG] 尝试写入x0被忽略 (数据=0x00000000)
[2455000] PC=0x000003ac INSTR=0x00000013
[INSTR_234] PC=0x000003ac INSTR=0x00000013
[REG_DEBUG] 尝试写入x0被忽略 (数据=0x00000000)
[2465000] PC=0x000003b0 INSTR=0x00000013
[INSTR_235] PC=0x000003b0 INSTR=0x00000013
[REG_DEBUG] 尝试写入x0被忽略 (数据=0x00000000)
[2475000] PC=0x000003b4 INSTR=0x00000013
[INSTR_236] PC=0x000003b4 INSTR=0x00000013
[REG_DEBUG] 尝试写入x0被忽略 (数据=0x00000000)
[2485000] PC=0x000003b8 INSTR=0x00000013
[INSTR_237] PC=0x000003b8 INSTR=0x00000013
[REG_DEBUG] 尝试写入x0被忽略 (数据=0x00000000)
[2495000] PC=0x000003bc INSTR=0x00000013
[INSTR_238] PC=0x000003bc INSTR=0x00000013
[REG_DEBUG] 尝试写入x0被忽略 (数据=0x00000000)
[2505000] PC=0x000003c0 INSTR=0x00000013
[INSTR_239] PC=0x000003c0 INSTR=0x00000013
[REG_DEBUG] 尝试写入x0被忽略 (数据=0x00000000)
[2515000] PC=0x000003c4 INSTR=0x00000013
[INSTR_240] PC=0x000003c4 INSTR=0x00000013
[REG_DEBUG] 尝试写入x0被忽略 (数据=0x00000000)
$finish called from file "testbench/cpu_riscv_tb.v", line 148.
$finish at simulation time              2525000
           V C S   S i m u l a t i o n   R e p o r t 
Time: 2525000 ps
CPU Time:      1.150 seconds;       Data structure size:   0.0Mb
Wed Jun 11 16:19:45 2025
